0 info it worked if it ends with ok
1 verbose cli [ 'C:\\Program Files (x86)\\nodejs\\node.exe',
1 verbose cli   'C:\\Program Files (x86)\\nodejs\\node_modules\\npm\\bin\\npm-cli.js',
1 verbose cli   'install' ]
2 info using npm@2.15.8
3 info using node@v4.4.7
4 verbose readDependencies loading dependencies from C:\Users\cynic\Documents\src\improved-initiative\package.json
5 verbose install where, deps [ 'C:\\Users\\cynic\\Documents\\src\\improved-initiative',
5 verbose install   [ 'applicationinsights',
5 verbose install     'awesomplete',
5 verbose install     'body-parser',
5 verbose install     'browser-filesaver',
5 verbose install     'express',
5 verbose install     'express-session',
5 verbose install     'font-awesome',
5 verbose install     'grunt',
5 verbose install     'grunt-cli',
5 verbose install     'grunt-contrib-concat',
5 verbose install     'grunt-contrib-connect',
5 verbose install     'grunt-contrib-copy',
5 verbose install     'grunt-contrib-jshint',
5 verbose install     'grunt-contrib-less',
5 verbose install     'grunt-contrib-nodeunit',
5 verbose install     'grunt-contrib-uglify',
5 verbose install     'grunt-contrib-watch',
5 verbose install     'grunt-mocha-test',
5 verbose install     'grunt-open',
5 verbose install     'grunt-ts',
5 verbose install     'less',
5 verbose install     'markdown-it',
5 verbose install     'minimist',
5 verbose install     'moment',
5 verbose install     'mousetrap',
5 verbose install     'mustache',
5 verbose install     'mustache-express',
5 verbose install     'react',
5 verbose install     'react-dom',
5 verbose install     'redux',
5 verbose install     'socket.io',
5 verbose install     'socket.io-client',
5 verbose install     'typescript',
5 verbose install     'uglify-js',
5 verbose install     'chai',
5 verbose install     'mocha',
5 verbose install     'requirejs',
5 verbose install     'sinon',
5 verbose install     'typings' ] ]
6 verbose install where, peers [ 'C:\\Users\\cynic\\Documents\\src\\improved-initiative', [] ]
7 verbose installManyTop reading for lifecycle C:\Users\cynic\Documents\src\improved-initiative\package.json
8 info preinstall improved-initiative@0.4.2
9 verbose installManyTop reading scoped package data from C:\Users\cynic\Documents\src\improved-initiative\node_modules\applicationinsights\package.json
10 verbose installManyTop reading scoped package data from C:\Users\cynic\Documents\src\improved-initiative\node_modules\awesomplete\package.json
11 verbose installManyTop reading scoped package data from C:\Users\cynic\Documents\src\improved-initiative\node_modules\body-parser\package.json
12 verbose installManyTop reading scoped package data from C:\Users\cynic\Documents\src\improved-initiative\node_modules\browser-filesaver\package.json
13 verbose installManyTop reading scoped package data from C:\Users\cynic\Documents\src\improved-initiative\node_modules\chai\package.json
14 verbose installManyTop reading scoped package data from C:\Users\cynic\Documents\src\improved-initiative\node_modules\express\package.json
15 verbose installManyTop reading scoped package data from C:\Users\cynic\Documents\src\improved-initiative\node_modules\express-session\package.json
16 verbose installManyTop reading scoped package data from C:\Users\cynic\Documents\src\improved-initiative\node_modules\font-awesome\package.json
17 verbose installManyTop reading scoped package data from C:\Users\cynic\Documents\src\improved-initiative\node_modules\grunt\package.json
18 verbose installManyTop reading scoped package data from C:\Users\cynic\Documents\src\improved-initiative\node_modules\grunt-cli\package.json
19 verbose installManyTop reading scoped package data from C:\Users\cynic\Documents\src\improved-initiative\node_modules\grunt-contrib-concat\package.json
20 verbose installManyTop reading scoped package data from C:\Users\cynic\Documents\src\improved-initiative\node_modules\grunt-contrib-connect\package.json
21 verbose installManyTop reading scoped package data from C:\Users\cynic\Documents\src\improved-initiative\node_modules\grunt-contrib-copy\package.json
22 verbose installManyTop reading scoped package data from C:\Users\cynic\Documents\src\improved-initiative\node_modules\grunt-contrib-jshint\package.json
23 verbose installManyTop reading scoped package data from C:\Users\cynic\Documents\src\improved-initiative\node_modules\grunt-contrib-less\package.json
24 verbose installManyTop reading scoped package data from C:\Users\cynic\Documents\src\improved-initiative\node_modules\grunt-contrib-nodeunit\package.json
25 verbose installManyTop reading scoped package data from C:\Users\cynic\Documents\src\improved-initiative\node_modules\grunt-contrib-uglify\package.json
26 verbose installManyTop reading scoped package data from C:\Users\cynic\Documents\src\improved-initiative\node_modules\grunt-contrib-watch\package.json
27 verbose installManyTop reading scoped package data from C:\Users\cynic\Documents\src\improved-initiative\node_modules\grunt-mocha-test\package.json
28 verbose installManyTop reading scoped package data from C:\Users\cynic\Documents\src\improved-initiative\node_modules\grunt-open\package.json
29 verbose installManyTop reading scoped package data from C:\Users\cynic\Documents\src\improved-initiative\node_modules\grunt-ts\package.json
30 verbose installManyTop reading scoped package data from C:\Users\cynic\Documents\src\improved-initiative\node_modules\jquery\package.json
31 verbose installManyTop reading scoped package data from C:\Users\cynic\Documents\src\improved-initiative\node_modules\knockout\package.json
32 verbose installManyTop reading scoped package data from C:\Users\cynic\Documents\src\improved-initiative\node_modules\knockout-mapping\package.json
33 verbose installManyTop reading scoped package data from C:\Users\cynic\Documents\src\improved-initiative\node_modules\less\package.json
34 verbose installManyTop reading scoped package data from C:\Users\cynic\Documents\src\improved-initiative\node_modules\markdown-it\package.json
35 verbose installManyTop reading scoped package data from C:\Users\cynic\Documents\src\improved-initiative\node_modules\minimist\package.json
36 verbose installManyTop reading scoped package data from C:\Users\cynic\Documents\src\improved-initiative\node_modules\mocha\package.json
37 verbose installManyTop reading scoped package data from C:\Users\cynic\Documents\src\improved-initiative\node_modules\moment\package.json
38 verbose installManyTop reading scoped package data from C:\Users\cynic\Documents\src\improved-initiative\node_modules\mousetrap\package.json
39 verbose installManyTop reading scoped package data from C:\Users\cynic\Documents\src\improved-initiative\node_modules\mustache\package.json
40 verbose installManyTop reading scoped package data from C:\Users\cynic\Documents\src\improved-initiative\node_modules\mustache-express\package.json
41 verbose installManyTop reading scoped package data from C:\Users\cynic\Documents\src\improved-initiative\node_modules\react\package.json
42 verbose installManyTop reading scoped package data from C:\Users\cynic\Documents\src\improved-initiative\node_modules\react-dom\package.json
43 verbose installManyTop reading scoped package data from C:\Users\cynic\Documents\src\improved-initiative\node_modules\redux\package.json
44 verbose installManyTop reading scoped package data from C:\Users\cynic\Documents\src\improved-initiative\node_modules\requirejs\package.json
45 verbose installManyTop reading scoped package data from C:\Users\cynic\Documents\src\improved-initiative\node_modules\sinon\package.json
46 verbose installManyTop reading scoped package data from C:\Users\cynic\Documents\src\improved-initiative\node_modules\socket.io\package.json
47 verbose installManyTop reading scoped package data from C:\Users\cynic\Documents\src\improved-initiative\node_modules\socket.io-client\package.json
48 verbose installManyTop reading scoped package data from C:\Users\cynic\Documents\src\improved-initiative\node_modules\typescript\package.json
49 verbose installManyTop reading scoped package data from C:\Users\cynic\Documents\src\improved-initiative\node_modules\typings\package.json
50 verbose installManyTop reading scoped package data from C:\Users\cynic\Documents\src\improved-initiative\node_modules\uglify-js\package.json
51 info package.json grunt@0.4.5 No license field.
52 info package.json grunt-contrib-jshint@0.10.0 No license field.
53 info package.json grunt-contrib-connect@0.10.1 No license field.
54 info package.json grunt-contrib-nodeunit@0.4.1 No license field.
55 info package.json grunt-contrib-uglify@0.5.1 No license field.
56 info package.json grunt-contrib-watch@0.6.1 No license field.
57 info package.json grunt-mocha-test@0.12.7 No license field.
58 info package.json grunt-open@0.2.3 No license field.
59 info package.json mousetrap@1.6.0 license should be a valid SPDX license expression
60 verbose readDependencies loading dependencies from C:\Users\cynic\Documents\src\improved-initiative\package.json
61 verbose targetResolver reading package data from C:\Users\cynic\Documents\src\improved-initiative\node_modules\applicationinsights\package.json
62 verbose targetResolver reading package data from C:\Users\cynic\Documents\src\improved-initiative\node_modules\awesomplete\package.json
63 verbose targetResolver reading package data from C:\Users\cynic\Documents\src\improved-initiative\node_modules\body-parser\package.json
64 verbose targetResolver reading package data from C:\Users\cynic\Documents\src\improved-initiative\node_modules\browser-filesaver\package.json
65 verbose targetResolver reading package data from C:\Users\cynic\Documents\src\improved-initiative\node_modules\chai\package.json
66 verbose targetResolver reading package data from C:\Users\cynic\Documents\src\improved-initiative\node_modules\express\package.json
67 verbose targetResolver reading package data from C:\Users\cynic\Documents\src\improved-initiative\node_modules\express-session\package.json
68 verbose targetResolver reading package data from C:\Users\cynic\Documents\src\improved-initiative\node_modules\font-awesome\package.json
69 verbose targetResolver reading package data from C:\Users\cynic\Documents\src\improved-initiative\node_modules\grunt\package.json
70 verbose targetResolver reading package data from C:\Users\cynic\Documents\src\improved-initiative\node_modules\grunt-cli\package.json
71 verbose targetResolver reading package data from C:\Users\cynic\Documents\src\improved-initiative\node_modules\grunt-contrib-concat\package.json
72 verbose targetResolver reading package data from C:\Users\cynic\Documents\src\improved-initiative\node_modules\grunt-contrib-connect\package.json
73 verbose targetResolver reading package data from C:\Users\cynic\Documents\src\improved-initiative\node_modules\grunt-contrib-copy\package.json
74 verbose targetResolver reading package data from C:\Users\cynic\Documents\src\improved-initiative\node_modules\grunt-contrib-jshint\package.json
75 verbose targetResolver reading package data from C:\Users\cynic\Documents\src\improved-initiative\node_modules\grunt-contrib-less\package.json
76 verbose targetResolver reading package data from C:\Users\cynic\Documents\src\improved-initiative\node_modules\grunt-contrib-nodeunit\package.json
77 verbose targetResolver reading package data from C:\Users\cynic\Documents\src\improved-initiative\node_modules\grunt-contrib-uglify\package.json
78 verbose targetResolver reading package data from C:\Users\cynic\Documents\src\improved-initiative\node_modules\grunt-contrib-watch\package.json
79 verbose targetResolver reading package data from C:\Users\cynic\Documents\src\improved-initiative\node_modules\grunt-mocha-test\package.json
80 verbose targetResolver reading package data from C:\Users\cynic\Documents\src\improved-initiative\node_modules\grunt-open\package.json
81 verbose targetResolver reading package data from C:\Users\cynic\Documents\src\improved-initiative\node_modules\grunt-ts\package.json
82 verbose targetResolver reading package data from C:\Users\cynic\Documents\src\improved-initiative\node_modules\jquery\package.json
83 verbose targetResolver reading package data from C:\Users\cynic\Documents\src\improved-initiative\node_modules\knockout\package.json
84 verbose targetResolver reading package data from C:\Users\cynic\Documents\src\improved-initiative\node_modules\knockout-mapping\package.json
85 verbose targetResolver reading package data from C:\Users\cynic\Documents\src\improved-initiative\node_modules\less\package.json
86 verbose targetResolver reading package data from C:\Users\cynic\Documents\src\improved-initiative\node_modules\markdown-it\package.json
87 verbose targetResolver reading package data from C:\Users\cynic\Documents\src\improved-initiative\node_modules\minimist\package.json
88 verbose targetResolver reading package data from C:\Users\cynic\Documents\src\improved-initiative\node_modules\mocha\package.json
89 verbose targetResolver reading package data from C:\Users\cynic\Documents\src\improved-initiative\node_modules\moment\package.json
90 verbose targetResolver reading package data from C:\Users\cynic\Documents\src\improved-initiative\node_modules\mousetrap\package.json
91 verbose targetResolver reading package data from C:\Users\cynic\Documents\src\improved-initiative\node_modules\mustache\package.json
92 verbose targetResolver reading package data from C:\Users\cynic\Documents\src\improved-initiative\node_modules\mustache-express\package.json
93 verbose targetResolver reading package data from C:\Users\cynic\Documents\src\improved-initiative\node_modules\react\package.json
94 verbose targetResolver reading package data from C:\Users\cynic\Documents\src\improved-initiative\node_modules\react-dom\package.json
95 verbose targetResolver reading package data from C:\Users\cynic\Documents\src\improved-initiative\node_modules\redux\package.json
96 verbose targetResolver reading package data from C:\Users\cynic\Documents\src\improved-initiative\node_modules\requirejs\package.json
97 verbose targetResolver reading package data from C:\Users\cynic\Documents\src\improved-initiative\node_modules\sinon\package.json
98 verbose targetResolver reading package data from C:\Users\cynic\Documents\src\improved-initiative\node_modules\socket.io\package.json
99 verbose targetResolver reading package data from C:\Users\cynic\Documents\src\improved-initiative\node_modules\socket.io-client\package.json
100 verbose targetResolver reading package data from C:\Users\cynic\Documents\src\improved-initiative\node_modules\typescript\package.json
101 verbose targetResolver reading package data from C:\Users\cynic\Documents\src\improved-initiative\node_modules\typings\package.json
102 verbose targetResolver reading package data from C:\Users\cynic\Documents\src\improved-initiative\node_modules\uglify-js\package.json
103 verbose targetResolver reading package data from C:\Users\cynic\Documents\src\improved-initiative\node_modules\.bin\grunt\package.json
104 verbose targetResolver reading package data from C:\Users\cynic\Documents\src\improved-initiative\node_modules\.bin\grunt-open\package.json
105 verbose targetResolver reading package data from C:\Users\cynic\Documents\src\improved-initiative\node_modules\.bin\grunt-open.cmd\package.json
106 verbose targetResolver reading package data from C:\Users\cynic\Documents\src\improved-initiative\node_modules\.bin\grunt.cmd\package.json
107 verbose targetResolver reading package data from C:\Users\cynic\Documents\src\improved-initiative\node_modules\.bin\lessc\package.json
108 verbose targetResolver reading package data from C:\Users\cynic\Documents\src\improved-initiative\node_modules\.bin\lessc.cmd\package.json
109 verbose targetResolver reading package data from C:\Users\cynic\Documents\src\improved-initiative\node_modules\.bin\markdown-it\package.json
110 verbose targetResolver reading package data from C:\Users\cynic\Documents\src\improved-initiative\node_modules\.bin\markdown-it.cmd\package.json
111 verbose targetResolver reading package data from C:\Users\cynic\Documents\src\improved-initiative\node_modules\.bin\mocha\package.json
112 verbose targetResolver reading package data from C:\Users\cynic\Documents\src\improved-initiative\node_modules\.bin\mocha.cmd\package.json
113 verbose targetResolver reading package data from C:\Users\cynic\Documents\src\improved-initiative\node_modules\.bin\mustache\package.json
114 verbose targetResolver reading package data from C:\Users\cynic\Documents\src\improved-initiative\node_modules\.bin\mustache.cmd\package.json
115 verbose targetResolver reading package data from C:\Users\cynic\Documents\src\improved-initiative\node_modules\.bin\r.js\package.json
116 verbose targetResolver reading package data from C:\Users\cynic\Documents\src\improved-initiative\node_modules\.bin\r.js.cmd\package.json
117 verbose targetResolver reading package data from C:\Users\cynic\Documents\src\improved-initiative\node_modules\.bin\r_js\package.json
118 verbose targetResolver reading package data from C:\Users\cynic\Documents\src\improved-initiative\node_modules\.bin\r_js.cmd\package.json
119 verbose targetResolver reading package data from C:\Users\cynic\Documents\src\improved-initiative\node_modules\.bin\tsc\package.json
120 verbose targetResolver reading package data from C:\Users\cynic\Documents\src\improved-initiative\node_modules\.bin\tsc.cmd\package.json
121 verbose targetResolver reading package data from C:\Users\cynic\Documents\src\improved-initiative\node_modules\.bin\tsserver\package.json
122 verbose targetResolver reading package data from C:\Users\cynic\Documents\src\improved-initiative\node_modules\.bin\tsserver.cmd\package.json
123 verbose targetResolver reading package data from C:\Users\cynic\Documents\src\improved-initiative\node_modules\.bin\typings\package.json
124 verbose targetResolver reading package data from C:\Users\cynic\Documents\src\improved-initiative\node_modules\.bin\typings.cmd\package.json
125 verbose targetResolver reading package data from C:\Users\cynic\Documents\src\improved-initiative\node_modules\.bin\uglifyjs\package.json
126 verbose targetResolver reading package data from C:\Users\cynic\Documents\src\improved-initiative\node_modules\.bin\uglifyjs.cmd\package.json
127 verbose already installed skipping grunt-contrib-concat@^1.0.1 C:\Users\cynic\Documents\src\improved-initiative
128 verbose already installed skipping grunt-contrib-connect@^0.10.1 C:\Users\cynic\Documents\src\improved-initiative
129 verbose already installed skipping grunt-contrib-copy@^1.0.0 C:\Users\cynic\Documents\src\improved-initiative
130 verbose already installed skipping grunt-contrib-jshint@~0.10.0 C:\Users\cynic\Documents\src\improved-initiative
131 verbose already installed skipping grunt-contrib-less@^1.0.1 C:\Users\cynic\Documents\src\improved-initiative
132 verbose already installed skipping grunt-contrib-nodeunit@~0.4.1 C:\Users\cynic\Documents\src\improved-initiative
133 verbose already installed skipping grunt-contrib-uglify@~0.5.0 C:\Users\cynic\Documents\src\improved-initiative
134 verbose already installed skipping grunt-contrib-watch@^0.6.1 C:\Users\cynic\Documents\src\improved-initiative
135 verbose already installed skipping grunt-mocha-test@^0.12.7 C:\Users\cynic\Documents\src\improved-initiative
136 verbose already installed skipping grunt-open@^0.2.3 C:\Users\cynic\Documents\src\improved-initiative
137 verbose already installed skipping grunt-ts@^5.5.1 C:\Users\cynic\Documents\src\improved-initiative
138 verbose already installed skipping less@^2.5.0 C:\Users\cynic\Documents\src\improved-initiative
139 verbose already installed skipping markdown-it@^7.0.1 C:\Users\cynic\Documents\src\improved-initiative
140 verbose already installed skipping minimist@^1.2.0 C:\Users\cynic\Documents\src\improved-initiative
141 verbose already installed skipping moment@^2.16.0 C:\Users\cynic\Documents\src\improved-initiative
142 verbose already installed skipping mousetrap@^1.5.3 C:\Users\cynic\Documents\src\improved-initiative
143 verbose already installed skipping mustache@^2.2.0 C:\Users\cynic\Documents\src\improved-initiative
144 verbose already installed skipping mustache-express@^1.2.1 C:\Users\cynic\Documents\src\improved-initiative
145 verbose already installed skipping react@^15.4.1 C:\Users\cynic\Documents\src\improved-initiative
146 verbose already installed skipping react-dom@^15.4.1 C:\Users\cynic\Documents\src\improved-initiative
147 verbose already installed skipping redux@^3.6.0 C:\Users\cynic\Documents\src\improved-initiative
148 verbose already installed skipping socket.io@^1.7.1 C:\Users\cynic\Documents\src\improved-initiative
149 verbose already installed skipping socket.io-client@^1.7.1 C:\Users\cynic\Documents\src\improved-initiative
150 verbose already installed skipping typescript@^2.1.4 C:\Users\cynic\Documents\src\improved-initiative
151 verbose already installed skipping uglify-js@^2.7.4 C:\Users\cynic\Documents\src\improved-initiative
152 verbose already installed skipping chai@^3.2.0 C:\Users\cynic\Documents\src\improved-initiative
153 verbose already installed skipping mocha@^2.2.5 C:\Users\cynic\Documents\src\improved-initiative
154 verbose already installed skipping requirejs@^2.1.17 C:\Users\cynic\Documents\src\improved-initiative
155 verbose already installed skipping sinon@^1.15.4 C:\Users\cynic\Documents\src\improved-initiative
156 verbose already installed skipping typings@^2.0.0 C:\Users\cynic\Documents\src\improved-initiative
157 verbose already installed skipping applicationinsights@^0.15.19 C:\Users\cynic\Documents\src\improved-initiative
158 verbose already installed skipping awesomplete@^1.1.1 C:\Users\cynic\Documents\src\improved-initiative
159 verbose already installed skipping body-parser@^1.14.1 C:\Users\cynic\Documents\src\improved-initiative
160 verbose already installed skipping browser-filesaver@^1.1.0 C:\Users\cynic\Documents\src\improved-initiative
161 verbose already installed skipping express@^4.13.3 C:\Users\cynic\Documents\src\improved-initiative
162 verbose already installed skipping express-session@^1.14.2 C:\Users\cynic\Documents\src\improved-initiative
163 verbose already installed skipping font-awesome@^4.5.0 C:\Users\cynic\Documents\src\improved-initiative
164 verbose already installed skipping grunt@~0.4.5 C:\Users\cynic\Documents\src\improved-initiative
165 verbose already installed skipping grunt-cli@^1.2.0 C:\Users\cynic\Documents\src\improved-initiative
166 silly install resolved []
167 info build C:\Users\cynic\Documents\src\improved-initiative
168 info linkStuff improved-initiative@0.4.2
169 silly linkStuff improved-initiative@0.4.2 has C:\Users\cynic\Documents\src as its parent node_modules
170 verbose linkBins improved-initiative@0.4.2
171 verbose linkMans improved-initiative@0.4.2
172 verbose rebuildBundles improved-initiative@0.4.2
173 verbose rebuildBundles [ '.bin',
173 verbose rebuildBundles   'applicationinsights',
173 verbose rebuildBundles   'awesomplete',
173 verbose rebuildBundles   'body-parser',
173 verbose rebuildBundles   'browser-filesaver',
173 verbose rebuildBundles   'chai',
173 verbose rebuildBundles   'express',
173 verbose rebuildBundles   'express-session',
173 verbose rebuildBundles   'font-awesome',
173 verbose rebuildBundles   'grunt',
173 verbose rebuildBundles   'grunt-cli',
173 verbose rebuildBundles   'grunt-contrib-concat',
173 verbose rebuildBundles   'grunt-contrib-connect',
173 verbose rebuildBundles   'grunt-contrib-copy',
173 verbose rebuildBundles   'grunt-contrib-jshint',
173 verbose rebuildBundles   'grunt-contrib-less',
173 verbose rebuildBundles   'grunt-contrib-nodeunit',
173 verbose rebuildBundles   'grunt-contrib-uglify',
173 verbose rebuildBundles   'grunt-contrib-watch',
173 verbose rebuildBundles   'grunt-mocha-test',
173 verbose rebuildBundles   'grunt-open',
173 verbose rebuildBundles   'grunt-ts',
173 verbose rebuildBundles   'jquery',
173 verbose rebuildBundles   'knockout',
173 verbose rebuildBundles   'knockout-mapping',
173 verbose rebuildBundles   'less',
173 verbose rebuildBundles   'markdown-it',
173 verbose rebuildBundles   'minimist',
173 verbose rebuildBundles   'mocha',
173 verbose rebuildBundles   'moment',
173 verbose rebuildBundles   'mousetrap',
173 verbose rebuildBundles   'mustache',
173 verbose rebuildBundles   'mustache-express',
173 verbose rebuildBundles   'react',
173 verbose rebuildBundles   'react-dom',
173 verbose rebuildBundles   'redux',
173 verbose rebuildBundles   'requirejs',
173 verbose rebuildBundles   'sinon',
173 verbose rebuildBundles   'socket.io',
173 verbose rebuildBundles   'socket.io-client',
173 verbose rebuildBundles   'typescript',
173 verbose rebuildBundles   'typings',
173 verbose rebuildBundles   'uglify-js' ]
174 verbose rebuild bundle C:\Users\cynic\Documents\src\improved-initiative\node_modules\jquery
175 info build C:\Users\cynic\Documents\src\improved-initiative\node_modules\jquery
176 info preinstall jquery@2.2.4
177 info linkStuff jquery@2.2.4
178 silly linkStuff jquery@2.2.4 has C:\Users\cynic\Documents\src\improved-initiative\node_modules as its parent node_modules
179 verbose linkBins jquery@2.2.4
180 verbose linkMans jquery@2.2.4
181 verbose rebuildBundles jquery@2.2.4
182 info install jquery@2.2.4
183 info postinstall jquery@2.2.4
184 verbose rebuild bundle C:\Users\cynic\Documents\src\improved-initiative\node_modules\knockout
185 info build C:\Users\cynic\Documents\src\improved-initiative\node_modules\knockout
186 info preinstall knockout@3.4.1
187 info linkStuff knockout@3.4.1
188 silly linkStuff knockout@3.4.1 has C:\Users\cynic\Documents\src\improved-initiative\node_modules as its parent node_modules
189 verbose linkBins knockout@3.4.1
190 verbose linkMans knockout@3.4.1
191 verbose rebuildBundles knockout@3.4.1
192 info install knockout@3.4.1
193 info postinstall knockout@3.4.1
194 verbose rebuild bundle C:\Users\cynic\Documents\src\improved-initiative\node_modules\knockout-mapping
195 info build C:\Users\cynic\Documents\src\improved-initiative\node_modules\knockout-mapping
196 info preinstall knockout-mapping@2.6.0
197 info linkStuff knockout-mapping@2.6.0
198 silly linkStuff knockout-mapping@2.6.0 has C:\Users\cynic\Documents\src\improved-initiative\node_modules as its parent node_modules
199 verbose linkBins knockout-mapping@2.6.0
200 verbose linkMans knockout-mapping@2.6.0
201 verbose rebuildBundles knockout-mapping@2.6.0
202 info install knockout-mapping@2.6.0
203 info postinstall knockout-mapping@2.6.0
204 info install improved-initiative@0.4.2
205 info postinstall improved-initiative@0.4.2
206 verbose unsafe-perm in lifecycle true
207 info improved-initiative@0.4.2 Failed to exec postinstall script
208 verbose stack Error: improved-initiative@0.4.2 postinstall: `grunt --no-color postinstall`
208 verbose stack Exit status 3
208 verbose stack     at EventEmitter.<anonymous> (C:\Program Files (x86)\nodejs\node_modules\npm\lib\utils\lifecycle.js:217:16)
208 verbose stack     at emitTwo (events.js:87:13)
208 verbose stack     at EventEmitter.emit (events.js:172:7)
208 verbose stack     at ChildProcess.<anonymous> (C:\Program Files (x86)\nodejs\node_modules\npm\lib\utils\spawn.js:24:14)
208 verbose stack     at emitTwo (events.js:87:13)
208 verbose stack     at ChildProcess.emit (events.js:172:7)
208 verbose stack     at maybeClose (internal/child_process.js:827:16)
208 verbose stack     at Process.ChildProcess._handle.onexit (internal/child_process.js:211:5)
209 verbose pkgid improved-initiative@0.4.2
210 verbose cwd C:\Users\cynic\Documents\src\improved-initiative
211 error Windows_NT 10.0.14393
212 error argv "C:\\Program Files (x86)\\nodejs\\node.exe" "C:\\Program Files (x86)\\nodejs\\node_modules\\npm\\bin\\npm-cli.js" "install"
213 error node v4.4.7
214 error npm  v2.15.8
215 error code ELIFECYCLE
216 error improved-initiative@0.4.2 postinstall: `grunt --no-color postinstall`
216 error Exit status 3
217 error Failed at the improved-initiative@0.4.2 postinstall script 'grunt --no-color postinstall'.
217 error This is most likely a problem with the improved-initiative package,
217 error not with npm itself.
217 error Tell the author that this fails on your system:
217 error     grunt --no-color postinstall
217 error You can get information on how to open an issue for this project with:
217 error     npm bugs improved-initiative
217 error Or if that isn't available, you can get their info via:
217 error
217 error     npm owner ls improved-initiative
217 error There is likely additional logging output above.
218 verbose exit [ 1, true ]
